<?xml version="1.0" encoding="UTF-8"?>
<testsuite name="FilesTest" tests="1" skipped="0" failures="0" errors="0" timestamp="2024-05-26T14:16:24" hostname="SERGEYPC" time="0.151">
  <properties/>
  <testcase name="РџСЂРѕРІРµСЂСЏРµРј СЃРѕРґРµСЂР¶РёРјРѕРµ JSON" classname="FilesTest" time="0.151"/>
  <system-out><![CDATA[]]></system-out>
  <system-err><![CDATA[]]></system-err>
</testsuite>
